# JRE version: Java(TM) SE Runtime Environment 18.9 (11.0.16+11) (build 11.0.16+11-LTS-199)
# Java VM: Java HotSpot(TM) 64-Bit Server VM 18.9 (11.0.16+11-LTS-199, mixed mode, tiered, compressed oops, g1 gc, windows-amd64)
Heap:
 garbage-first heap   total 342016K, used 225316K [0x0000000700000000, 0x0000000800000000)
  region size 1024K, 191 young (195584K), 1 survivors (1024K)
 Metaspace       used 22046K, capacity 22265K, committed 22576K, reserved 1069056K
  class space    used 1999K, capacity 2103K, committed 2176K, reserved 1048576K
GC Heap History (10 events):
Event: 599.811 GC heap before
{Heap before GC invocations=569 (full 0):
 garbage-first heap   total 342016K, used 235556K [0x0000000700000000, 0x0000000800000000)
  region size 1024K, 200 young (204800K), 1 survivors (1024K)
 Metaspace       used 22009K, capacity 22259K, committed 22576K, reserved 1069056K
  class space    used 1995K, capacity 2101K, committed 2176K, reserved 1048576K
}
Event: 599.811 GC heap after
{Heap after GC invocations=570 (full 0):
 garbage-first heap   total 342016K, used 31780K [0x0000000700000000, 0x0000000800000000)
  region size 1024K, 1 young (1024K), 1 survivors (1024K)
 Metaspace       used 22009K, capacity 22259K, committed 22576K, reserved 1069056K
  class space    used 1995K, capacity 2101K, committed 2176K, reserved 1048576K
}
Event: 600.119 GC heap before
{Heap before GC invocations=570 (full 0):
 garbage-first heap   total 342016K, used 235556K [0x0000000700000000, 0x0000000800000000)
  region size 1024K, 200 young (204800K), 1 survivors (1024K)
 Metaspace       used 22009K, capacity 22259K, committed 22576K, reserved 1069056K
  class space    used 1995K, capacity 2101K, committed 2176K, reserved 1048576K
}
Event: 600.120 GC heap after
{Heap after GC invocations=571 (full 0):
 garbage-first heap   total 342016K, used 31780K [0x0000000700000000, 0x0000000800000000)
  region size 1024K, 1 young (1024K), 1 survivors (1024K)
 Metaspace       used 22009K, capacity 22259K, committed 22576K, reserved 1069056K
  class space    used 1995K, capacity 2101K, committed 2176K, reserved 1048576K
}
Event: 600.439 GC heap before
{Heap before GC invocations=571 (full 0):
 garbage-first heap   total 342016K, used 235556K [0x0000000700000000, 0x0000000800000000)
  region size 1024K, 200 young (204800K), 1 survivors (1024K)
 Metaspace       used 22009K, capacity 22259K, committed 22576K, reserved 1069056K
  class space    used 1995K, capacity 2101K, committed 2176K, reserved 1048576K
}
Event: 600.440 GC heap after
{Heap after GC invocations=572 (full 0):
 garbage-first heap   total 342016K, used 31780K [0x0000000700000000, 0x0000000800000000)
  region size 1024K, 1 young (1024K), 1 survivors (1024K)
 Metaspace       used 22009K, capacity 22259K, committed 22576K, reserved 1069056K
  class space    used 1995K, capacity 2101K, committed 2176K, reserved 1048576K
}
Event: 600.777 GC heap before
{Heap before GC invocations=572 (full 0):
 garbage-first heap   total 342016K, used 235556K [0x0000000700000000, 0x0000000800000000)
  region size 1024K, 200 young (204800K), 1 survivors (1024K)
 Metaspace       used 22009K, capacity 22259K, committed 22576K, reserved 1069056K
  class space    used 1995K, capacity 2101K, committed 2176K, reserved 1048576K
}
Event: 600.777 GC heap after
{Heap after GC invocations=573 (full 0):
 garbage-first heap   total 342016K, used 31780K [0x0000000700000000, 0x0000000800000000)
  region size 1024K, 1 young (1024K), 1 survivors (1024K)
 Metaspace       used 22009K, capacity 22259K, committed 22576K, reserved 1069056K
  class space    used 1995K, capacity 2101K, committed 2176K, reserved 1048576K
}
Event: 601.130 GC heap before
{Heap before GC invocations=573 (full 0):
 garbage-first heap   total 342016K, used 235556K [0x0000000700000000, 0x0000000800000000)
  region size 1024K, 200 young (204800K), 1 survivors (1024K)
 Metaspace       used 22009K, capacity 22259K, committed 22576K, reserved 1069056K
  class space    used 1995K, capacity 2101K, committed 2176K, reserved 1048576K
}
Event: 601.131 GC heap after
{Heap after GC invocations=574 (full 0):
 garbage-first heap   total 342016K, used 31780K [0x0000000700000000, 0x0000000800000000)
  region size 1024K, 1 young (1024K), 1 survivors (1024K)
 Metaspace       used 22009K, capacity 22259K, committed 22576K, reserved 1069056K
  class space    used 1995K, capacity 2101K, committed 2176K, reserved 1048576K
}

